Using pre-set license
Built from '2020.2/release' branch; Version is '2020.2.2f1 (068178b99f32) revision 426360'; Using compiler version '192528614'; Build Type 'Release'
OS: 'Windows 10 Pro; OS build 19041.746; Version 2004; 64bit' Language: 'ru' Physical Memory: 12156 MB
BatchMode: 1, IsHumanControllingUs: 0, StartBugReporterOnCrash: 0, Is64bit: 1, IsPro: 0

 COMMAND LINE ARGUMENTS:
C:\Program Files\Unity\Hub\Editor\2020.2.2f1\Editor\Unity.exe
-adb2
-batchMode
-noUpm
-name
AssetImportWorker2
-projectPath
D:/Projects/SeaBattle/Sea Battle
-logFile
Logs/AssetImportWorker2.log
-srvPort
59337
Successfully changed project path to: D:/Projects/SeaBattle/Sea Battle
D:/Projects/SeaBattle/Sea Battle
Using Asset Import Pipeline V2.
Refreshing native plugins compatible for Editor in 222.72 ms, found 0 plugins.
Preloading 0 native plugins for Editor in 0.00 ms.
Initialize engine version: 2020.2.2f1 (068178b99f32)
[Subsystems] Discovering subsystems at path C:/Program Files/Unity/Hub/Editor/2020.2.2f1/Editor/Data/Resources/UnitySubsystems
[Subsystems] Discovering subsystems at path D:/Projects/SeaBattle/Sea Battle/Assets
GfxDevice: creating device client; threaded=0
Direct3D:
    Version:  Direct3D 11.0 [level 11.0]
    Renderer: NVIDIA GeForce 940MX (ID=0x179c)
    Vendor:   
    VRAM:     2019 MB
    Driver:   21.21.13.7654
Initialize mono
Mono path[0] = 'C:/Program Files/Unity/Hub/Editor/2020.2.2f1/Editor/Data/Managed'
Mono path[1] = 'C:/Program Files/Unity/Hub/Editor/2020.2.2f1/Editor/Data/MonoBleedingEdge/lib/mono/unityjit'
Mono config path = 'C:/Program Files/Unity/Hub/Editor/2020.2.2f1/Editor/Data/MonoBleedingEdge/etc'
Using monoOptions --debugger-agent=transport=dt_socket,embedding=1,server=y,suspend=n,address=127.0.0.1:56300
Begin MonoManager ReloadAssembly
Registering precompiled unity dll's ...
Register platform support module: C:/Program Files/Unity/Hub/Editor/2020.2.2f1/Editor/Data/PlaybackEngines/WindowsStandaloneSupport/UnityEditor.WindowsStandalone.Extensions.dll
Registered in 0.004680 seconds.
Native extension for WindowsStandalone target not found
Refreshing native plugins compatible for Editor in 131.70 ms, found 0 plugins.
Preloading 0 native plugins for Editor in 0.00 ms.
Unable to find bridge dll in registry for Microsoft Visual Studio Tools for Unity for C:/Program Files (x86)/Microsoft Visual Studio/2019/Community/Common7/IDE/devenv.exe
Invoked RoslynAnalysisRunner static constructor.
RoslynAnalysisRunner will not be running.
RoslynAnalysisRunner has terminated.
Mono: successfully reloaded assembly
- Completed reload, in  7.687 seconds
Platform modules already initialized, skipping
Registering precompiled user dll's ...
Registered in 0.001175 seconds.
Begin MonoManager ReloadAssembly
Native extension for WindowsStandalone target not found
Refreshing native plugins compatible for Editor in 0.53 ms, found 0 plugins.
Preloading 0 native plugins for Editor in 0.00 ms.
Invoked RoslynAnalysisRunner static constructor.
RoslynAnalysisRunner will not be running.
RoslynAnalysisRunner has terminated.
Mono: successfully reloaded assembly
- Completed reload, in  4.482 seconds
Platform modules already initialized, skipping
========================================================================
Worker process is ready to serve import requests
Launched and connected shader compiler UnityShaderCompiler.exe after 0.20 seconds
Refreshing native plugins compatible for Editor in 1.26 ms, found 0 plugins.
Preloading 0 native plugins for Editor in 0.00 ms.
Unloading 1218 Unused Serialized files (Serialized files now loaded: 0)
System memory in use before: 69.9 MB.
System memory in use after: 69.9 MB.

Unloading 10 unused Assets to reduce memory usage. Loaded Objects now: 1665.
Total: 6.265000 ms (FindLiveObjects: 0.272900 ms CreateObjectMapping: 0.080000 ms MarkObjects: 5.746300 ms  DeleteObjects: 0.163800 ms)

========================================================================
Received Prepare
Refreshing native plugins compatible for Editor in 1.39 ms, found 0 plugins.
Preloading 0 native plugins for Editor in 0.00 ms.
Unloading 3 Unused Serialized files (Serialized files now loaded: 0)
System memory in use before: 44.4 MB.
System memory in use after: 44.5 MB.

Unloading 3 unused Assets to reduce memory usage. Loaded Objects now: 1665.
Total: 4.418500 ms (FindLiveObjects: 0.734400 ms CreateObjectMapping: 0.287700 ms MarkObjects: 3.285400 ms  DeleteObjects: 0.108500 ms)

========================================================================
Received Import Request.
  path: Assets/Scenes/Menu.unity
  artifactKey: Guid(68d96d20f88173a4190e6d7b1ef27f8f) Importer(815301076,1909f56bfc062723c751e8b465ee728b)
Start importing Assets/Scenes/Menu.unity using Guid(68d96d20f88173a4190e6d7b1ef27f8f) Importer(815301076,1909f56bfc062723c751e8b465ee728b)  -> (artifact id: '92b3504a5b6baa9e93de6286b0fd0066') in 0.096372 seconds
  Import took 0.100632 seconds .

========================================================================
Received Import Request.
  Time since last request: 12.660684 seconds.
  path: Assets/EasyMainMenu
  artifactKey: Guid(ab97dc0f78764874a8487b2d042fd730) Importer(815301076,1909f56bfc062723c751e8b465ee728b)
Start importing Assets/EasyMainMenu using Guid(ab97dc0f78764874a8487b2d042fd730) Importer(815301076,1909f56bfc062723c751e8b465ee728b)  -> (artifact id: '54a9dc9d1919b3ab80132af590e4a2db') in 0.052567 seconds
  Import took 0.067026 seconds .

========================================================================
Received Import Request.
  Time since last request: 4.290578 seconds.
  path: Assets/Assets/EasyMainMenu/Icon.jpg
  artifactKey: Guid(651b97ad9336e5f40a5acceeca9ca08c) Importer(815301076,1909f56bfc062723c751e8b465ee728b)
Start importing Assets/Assets/EasyMainMenu/Icon.jpg using Guid(651b97ad9336e5f40a5acceeca9ca08c) Importer(815301076,1909f56bfc062723c751e8b465ee728b)  -> (artifact id: '3a0a14cc431502a9192cdfcec14436a8') in 0.638776 seconds
  Import took 0.649352 seconds .

========================================================================
Received Prepare
Registering precompiled user dll's ...
Registered in 0.001269 seconds.
Begin MonoManager ReloadAssembly
Native extension for WindowsStandalone target not found
Refreshing native plugins compatible for Editor in 0.67 ms, found 0 plugins.
Preloading 0 native plugins for Editor in 0.00 ms.
Invoked RoslynAnalysisRunner static constructor.
RoslynAnalysisRunner will not be running.
RoslynAnalysisRunner has terminated.
Mono: successfully reloaded assembly
- Completed reload, in  6.722 seconds
Platform modules already initialized, skipping
Refreshing native plugins compatible for Editor in 0.49 ms, found 0 plugins.
Preloading 0 native plugins for Editor in 0.00 ms.
Unloading 1187 Unused Serialized files (Serialized files now loaded: 0)
System memory in use before: 69.1 MB.
System memory in use after: 69.2 MB.

Unloading 5 unused Assets to reduce memory usage. Loaded Objects now: 1669.
Total: 3.669200 ms (FindLiveObjects: 0.291300 ms CreateObjectMapping: 0.083400 ms MarkObjects: 3.102100 ms  DeleteObjects: 0.189900 ms)

========================================================================
Received Import Request.
  Time since last request: 13.382932 seconds.
  path: Assets/Assets/EasyMainMenu/Scenes
  artifactKey: Guid(adfe4f91b8ddcba40bf7cb0c75e46c5c) Importer(815301076,1909f56bfc062723c751e8b465ee728b)
Start importing Assets/Assets/EasyMainMenu/Scenes using Guid(adfe4f91b8ddcba40bf7cb0c75e46c5c) Importer(815301076,1909f56bfc062723c751e8b465ee728b)  -> (artifact id: '1818e599188e221ff6b76f19ac48ef72') in 0.023242 seconds
  Import took 0.028884 seconds .

========================================================================
Received Import Request.
  Time since last request: 0.000366 seconds.
  path: Assets/Assets/EasyMainMenu/Scenes/MainMenu.unity
  artifactKey: Guid(c09f4b0b2a9226946aa44a3dd8ffdfa6) Importer(815301076,1909f56bfc062723c751e8b465ee728b)
Start importing Assets/Assets/EasyMainMenu/Scenes/MainMenu.unity using Guid(c09f4b0b2a9226946aa44a3dd8ffdfa6) Importer(815301076,1909f56bfc062723c751e8b465ee728b)  -> (artifact id: '9ef537c564703b8ec2794c14faeda754') in 0.083873 seconds
  Import took 0.095544 seconds .

========================================================================
Received Prepare
Registering precompiled user dll's ...
Registered in 0.002080 seconds.
Begin MonoManager ReloadAssembly
Native extension for WindowsStandalone target not found
Refreshing native plugins compatible for Editor in 0.61 ms, found 0 plugins.
Preloading 0 native plugins for Editor in 0.00 ms.
Invoked RoslynAnalysisRunner static constructor.
RoslynAnalysisRunner will not be running.
RoslynAnalysisRunner has terminated.
Mono: successfully reloaded assembly
- Completed reload, in  3.975 seconds
Platform modules already initialized, skipping
Refreshing native plugins compatible for Editor in 1.08 ms, found 0 plugins.
Preloading 0 native plugins for Editor in 0.00 ms.
Unloading 1187 Unused Serialized files (Serialized files now loaded: 0)
System memory in use before: 68.9 MB.
System memory in use after: 69.0 MB.

Unloading 5 unused Assets to reduce memory usage. Loaded Objects now: 1671.
Total: 5.889100 ms (FindLiveObjects: 0.746300 ms CreateObjectMapping: 0.243600 ms MarkObjects: 4.802900 ms  DeleteObjects: 0.094100 ms)

========================================================================
Received Import Request.
  Time since last request: 87.646812 seconds.
  path: Assets/Assets/Background
  artifactKey: Guid(2f0fd4683f4b53347b3ef450f3be7c24) Importer(815301076,1909f56bfc062723c751e8b465ee728b)
Start importing Assets/Assets/Background using Guid(2f0fd4683f4b53347b3ef450f3be7c24) Importer(815301076,1909f56bfc062723c751e8b465ee728b)  -> (artifact id: '4da82a53bb05d2bd5fcbc73efbae9e9e') in 0.047018 seconds
  Import took 0.053237 seconds .

========================================================================
Received Import Request.
  Time since last request: 5.648484 seconds.
  path: Assets/Assets/Background/art-korabli-more-boy-bitva.jpg
  artifactKey: Guid(7a4a82fd80166a64d844dc52c2a68aa0) Importer(815301076,1909f56bfc062723c751e8b465ee728b)
Start importing Assets/Assets/Background/art-korabli-more-boy-bitva.jpg using Guid(7a4a82fd80166a64d844dc52c2a68aa0) Importer(815301076,1909f56bfc062723c751e8b465ee728b)  -> (artifact id: '8a112e8345594a18c1444fb6ffc581aa') in 0.241735 seconds
  Import took 0.252836 seconds .

========================================================================
Received Prepare
Registering precompiled user dll's ...
Registered in 0.007955 seconds.
Begin MonoManager ReloadAssembly
Native extension for WindowsStandalone target not found
Refreshing native plugins compatible for Editor in 0.50 ms, found 0 plugins.
Preloading 0 native plugins for Editor in 0.00 ms.
Invoked RoslynAnalysisRunner static constructor.
RoslynAnalysisRunner will not be running.
RoslynAnalysisRunner has terminated.
Mono: successfully reloaded assembly
- Completed reload, in  3.006 seconds
Platform modules already initialized, skipping
Refreshing native plugins compatible for Editor in 0.62 ms, found 0 plugins.
Preloading 0 native plugins for Editor in 0.00 ms.
Unloading 1187 Unused Serialized files (Serialized files now loaded: 0)
System memory in use before: 69.1 MB.
System memory in use after: 69.2 MB.

Unloading 5 unused Assets to reduce memory usage. Loaded Objects now: 1674.
Total: 18.518000 ms (FindLiveObjects: 0.572900 ms CreateObjectMapping: 0.246000 ms MarkObjects: 17.594600 ms  DeleteObjects: 0.101900 ms)

========================================================================
Received Import Request.
  Time since last request: 197.483822 seconds.
  path: Assets/scripts/OpenLvl.cs
  artifactKey: Guid(5e4e67b93d065f04daf523d8e30c869f) Importer(815301076,1909f56bfc062723c751e8b465ee728b)
Start importing Assets/scripts/OpenLvl.cs using Guid(5e4e67b93d065f04daf523d8e30c869f) Importer(815301076,1909f56bfc062723c751e8b465ee728b)  -> (artifact id: 'c9578540a157a9ac6448e97e04f67bbc') in 0.114148 seconds
  Import took 0.124459 seconds .

========================================================================
Received Prepare
Registering precompiled user dll's ...
Registered in 0.010697 seconds.
Begin MonoManager ReloadAssembly
Native extension for WindowsStandalone target not found
Refreshing native plugins compatible for Editor in 0.41 ms, found 0 plugins.
Preloading 0 native plugins for Editor in 0.00 ms.
Invoked RoslynAnalysisRunner static constructor.
RoslynAnalysisRunner will not be running.
RoslynAnalysisRunner has terminated.
Mono: successfully reloaded assembly
- Completed reload, in  3.922 seconds
Platform modules already initialized, skipping
Refreshing native plugins compatible for Editor in 0.51 ms, found 0 plugins.
Preloading 0 native plugins for Editor in 0.00 ms.
Unloading 1188 Unused Serialized files (Serialized files now loaded: 0)
System memory in use before: 69.2 MB.
System memory in use after: 69.3 MB.

Unloading 5 unused Assets to reduce memory usage. Loaded Objects now: 1677.
Total: 4.974100 ms (FindLiveObjects: 0.277400 ms CreateObjectMapping: 0.091700 ms MarkObjects: 4.492000 ms  DeleteObjects: 0.110200 ms)

========================================================================
Received Import Request.
  Time since last request: 16.052254 seconds.
  path: Assets/scripts/OpenLvl.cs
  artifactKey: Guid(5e4e67b93d065f04daf523d8e30c869f) Importer(815301076,1909f56bfc062723c751e8b465ee728b)
Start importing Assets/scripts/OpenLvl.cs using Guid(5e4e67b93d065f04daf523d8e30c869f) Importer(815301076,1909f56bfc062723c751e8b465ee728b)  -> (artifact id: '7caf385e7133647127099c11510aef85') in 0.038749 seconds
  Import took 0.045998 seconds .

========================================================================
Received Import Request.
  Time since last request: 184.534219 seconds.
  path: Assets/scripts/Canvas.prefab
  artifactKey: Guid(e5a3375d7d443ca4dae728eed24d96db) Importer(815301076,1909f56bfc062723c751e8b465ee728b)
Start importing Assets/scripts/Canvas.prefab using Guid(e5a3375d7d443ca4dae728eed24d96db) Importer(815301076,1909f56bfc062723c751e8b465ee728b)  -> (artifact id: '10aae54b05f640fd70e3b37f7a53a283') in 0.232171 seconds
  Import took 0.243012 seconds .

========================================================================
Received Import Request.
  Time since last request: 12.340483 seconds.
  path: Assets/scripts/Canvas.prefab
  artifactKey: Guid(e5a3375d7d443ca4dae728eed24d96db) Importer(815301076,1909f56bfc062723c751e8b465ee728b)
Start importing Assets/scripts/Canvas.prefab using Guid(e5a3375d7d443ca4dae728eed24d96db) Importer(815301076,1909f56bfc062723c751e8b465ee728b)  -> (artifact id: '5e3d3cbadcd8895bd9c72fd2d32bb29c') in 0.053300 seconds
  Import took 0.063533 seconds .

========================================================================
Received Prepare
Registering precompiled user dll's ...
Registered in 0.002268 seconds.
Begin MonoManager ReloadAssembly
Native extension for WindowsStandalone target not found
Refreshing native plugins compatible for Editor in 0.51 ms, found 0 plugins.
Preloading 0 native plugins for Editor in 0.00 ms.
Invoked RoslynAnalysisRunner static constructor.
RoslynAnalysisRunner will not be running.
RoslynAnalysisRunner has terminated.
Mono: successfully reloaded assembly
- Completed reload, in  3.559 seconds
Platform modules already initialized, skipping
Refreshing native plugins compatible for Editor in 1.15 ms, found 0 plugins.
Preloading 0 native plugins for Editor in 0.00 ms.
Unloading 1188 Unused Serialized files (Serialized files now loaded: 0)
System memory in use before: 69.1 MB.
System memory in use after: 69.2 MB.

Unloading 7 unused Assets to reduce memory usage. Loaded Objects now: 1681.
Total: 10.215600 ms (FindLiveObjects: 0.310100 ms CreateObjectMapping: 0.097200 ms MarkObjects: 9.682300 ms  DeleteObjects: 0.122600 ms)

========================================================================
Received Prepare
Registering precompiled user dll's ...
Registered in 0.008911 seconds.
Begin MonoManager ReloadAssembly
Native extension for WindowsStandalone target not found
Refreshing native plugins compatible for Editor in 0.50 ms, found 0 plugins.
Preloading 0 native plugins for Editor in 0.00 ms.
Invoked RoslynAnalysisRunner static constructor.
RoslynAnalysisRunner will not be running.
RoslynAnalysisRunner has terminated.
Mono: successfully reloaded assembly
- Completed reload, in 13.208 seconds
Platform modules already initialized, skipping
Refreshing native plugins compatible for Editor in 0.52 ms, found 0 plugins.
Preloading 0 native plugins for Editor in 0.00 ms.
Unloading 1188 Unused Serialized files (Serialized files now loaded: 0)
System memory in use before: 69.3 MB.
System memory in use after: 69.3 MB.

Unloading 5 unused Assets to reduce memory usage. Loaded Objects now: 1683.
Total: 14.320700 ms (FindLiveObjects: 1.962600 ms CreateObjectMapping: 2.033600 ms MarkObjects: 10.014600 ms  DeleteObjects: 0.306500 ms)

========================================================================
Received Prepare
Registering precompiled user dll's ...
Registered in 0.001166 seconds.
Begin MonoManager ReloadAssembly
Native extension for WindowsStandalone target not found
Refreshing native plugins compatible for Editor in 2.30 ms, found 0 plugins.
Preloading 0 native plugins for Editor in 0.00 ms.
Invoked RoslynAnalysisRunner static constructor.
RoslynAnalysisRunner will not be running.
RoslynAnalysisRunner has terminated.
Mono: successfully reloaded assembly
- Completed reload, in 10.635 seconds
Platform modules already initialized, skipping
Refreshing native plugins compatible for Editor in 0.49 ms, found 0 plugins.
Preloading 0 native plugins for Editor in 0.00 ms.
Unloading 1188 Unused Serialized files (Serialized files now loaded: 0)
System memory in use before: 69.3 MB.
System memory in use after: 69.4 MB.

Unloading 5 unused Assets to reduce memory usage. Loaded Objects now: 1685.
Total: 8.773400 ms (FindLiveObjects: 0.513800 ms CreateObjectMapping: 0.091500 ms MarkObjects: 7.978800 ms  DeleteObjects: 0.181800 ms)

========================================================================
Received Prepare
Registering precompiled user dll's ...
Registered in 0.002266 seconds.
Begin MonoManager ReloadAssembly
Native extension for WindowsStandalone target not found
Refreshing native plugins compatible for Editor in 0.49 ms, found 0 plugins.
Preloading 0 native plugins for Editor in 0.00 ms.
Invoked RoslynAnalysisRunner static constructor.
RoslynAnalysisRunner will not be running.
RoslynAnalysisRunner has terminated.
Mono: successfully reloaded assembly
- Completed reload, in  4.639 seconds
Platform modules already initialized, skipping
Refreshing native plugins compatible for Editor in 0.47 ms, found 0 plugins.
Preloading 0 native plugins for Editor in 0.00 ms.
Unloading 1188 Unused Serialized files (Serialized files now loaded: 0)
System memory in use before: 69.2 MB.
System memory in use after: 69.3 MB.

Unloading 5 unused Assets to reduce memory usage. Loaded Objects now: 1687.
Total: 9.535200 ms (FindLiveObjects: 6.281000 ms CreateObjectMapping: 0.095200 ms MarkObjects: 2.644700 ms  DeleteObjects: 0.494800 ms)

========================================================================
Received Prepare
Registering precompiled user dll's ...
Registered in 0.005467 seconds.
Begin MonoManager ReloadAssembly
Native extension for WindowsStandalone target not found
Refreshing native plugins compatible for Editor in 0.53 ms, found 0 plugins.
Preloading 0 native plugins for Editor in 0.00 ms.
Invoked RoslynAnalysisRunner static constructor.
RoslynAnalysisRunner will not be running.
RoslynAnalysisRunner has terminated.
Mono: successfully reloaded assembly
- Completed reload, in  3.661 seconds
Platform modules already initialized, skipping
Refreshing native plugins compatible for Editor in 0.51 ms, found 0 plugins.
Preloading 0 native plugins for Editor in 0.00 ms.
Unloading 1188 Unused Serialized files (Serialized files now loaded: 0)
System memory in use before: 69.3 MB.
System memory in use after: 69.4 MB.

Unloading 5 unused Assets to reduce memory usage. Loaded Objects now: 1689.
Total: 3.442000 ms (FindLiveObjects: 0.259000 ms CreateObjectMapping: 0.347100 ms MarkObjects: 2.686400 ms  DeleteObjects: 0.147400 ms)

========================================================================
Received Prepare
Registering precompiled user dll's ...
Registered in 0.003435 seconds.
Begin MonoManager ReloadAssembly
Native extension for WindowsStandalone target not found
Refreshing native plugins compatible for Editor in 0.49 ms, found 0 plugins.
Preloading 0 native plugins for Editor in 0.00 ms.
Invoked RoslynAnalysisRunner static constructor.
RoslynAnalysisRunner will not be running.
RoslynAnalysisRunner has terminated.
Mono: successfully reloaded assembly
- Completed reload, in  3.199 seconds
Platform modules already initialized, skipping
Refreshing native plugins compatible for Editor in 0.87 ms, found 0 plugins.
Preloading 0 native plugins for Editor in 0.00 ms.
Unloading 1188 Unused Serialized files (Serialized files now loaded: 0)
System memory in use before: 69.3 MB.
System memory in use after: 69.4 MB.

Unloading 5 unused Assets to reduce memory usage. Loaded Objects now: 1691.
Total: 6.284400 ms (FindLiveObjects: 2.425000 ms CreateObjectMapping: 0.111600 ms MarkObjects: 3.640900 ms  DeleteObjects: 0.104200 ms)

========================================================================
Received Prepare
Registering precompiled user dll's ...
Registered in 0.003080 seconds.
Begin MonoManager ReloadAssembly
Native extension for WindowsStandalone target not found
Refreshing native plugins compatible for Editor in 0.51 ms, found 0 plugins.
Preloading 0 native plugins for Editor in 0.00 ms.
Invoked RoslynAnalysisRunner static constructor.
RoslynAnalysisRunner will not be running.
RoslynAnalysisRunner has terminated.
Mono: successfully reloaded assembly
- Completed reload, in  3.087 seconds
Platform modules already initialized, skipping
Refreshing native plugins compatible for Editor in 0.49 ms, found 0 plugins.
Preloading 0 native plugins for Editor in 0.00 ms.
Unloading 1188 Unused Serialized files (Serialized files now loaded: 0)
System memory in use before: 69.3 MB.
System memory in use after: 69.4 MB.

Unloading 5 unused Assets to reduce memory usage. Loaded Objects now: 1693.
Total: 6.388100 ms (FindLiveObjects: 0.315300 ms CreateObjectMapping: 0.088500 ms MarkObjects: 5.878100 ms  DeleteObjects: 0.104100 ms)

========================================================================
Received Prepare
Registering precompiled user dll's ...
Registered in 0.001327 seconds.
Begin MonoManager ReloadAssembly
Native extension for WindowsStandalone target not found
Refreshing native plugins compatible for Editor in 0.50 ms, found 0 plugins.
Preloading 0 native plugins for Editor in 0.00 ms.
Invoked RoslynAnalysisRunner static constructor.
RoslynAnalysisRunner will not be running.
RoslynAnalysisRunner has terminated.
Mono: successfully reloaded assembly
- Completed reload, in  4.058 seconds
Platform modules already initialized, skipping
Refreshing native plugins compatible for Editor in 1.75 ms, found 0 plugins.
Preloading 0 native plugins for Editor in 0.01 ms.
Unloading 1188 Unused Serialized files (Serialized files now loaded: 0)
System memory in use before: 69.0 MB.
System memory in use after: 69.1 MB.

Unloading 5 unused Assets to reduce memory usage. Loaded Objects now: 1695.
Total: 8.313400 ms (FindLiveObjects: 0.279200 ms CreateObjectMapping: 0.099200 ms MarkObjects: 4.326100 ms  DeleteObjects: 3.601700 ms)

========================================================================
Received Prepare
Registering precompiled user dll's ...
Registered in 0.011725 seconds.
Begin MonoManager ReloadAssembly
Native extension for WindowsStandalone target not found
Refreshing native plugins compatible for Editor in 0.64 ms, found 0 plugins.
Preloading 0 native plugins for Editor in 0.00 ms.
Invoked RoslynAnalysisRunner static constructor.
RoslynAnalysisRunner will not be running.
RoslynAnalysisRunner has terminated.
Mono: successfully reloaded assembly
- Completed reload, in  5.066 seconds
Platform modules already initialized, skipping
Refreshing native plugins compatible for Editor in 0.48 ms, found 0 plugins.
Preloading 0 native plugins for Editor in 0.00 ms.
Unloading 1188 Unused Serialized files (Serialized files now loaded: 0)
System memory in use before: 69.3 MB.
System memory in use after: 69.4 MB.

Unloading 5 unused Assets to reduce memory usage. Loaded Objects now: 1697.
Total: 6.123300 ms (FindLiveObjects: 0.352800 ms CreateObjectMapping: 0.240300 ms MarkObjects: 5.423300 ms  DeleteObjects: 0.104600 ms)

AssetImportWorkerClient::OnTransportError - code=2 error=End of file
